2023-12-28 13:14:43,559 [Worker-0: Loading available Gradle versions] INFO  c.g.t.t.d.PublishedGradleVersions - Gradle version information cache is up-to-date. Trying to read.
2023-12-28 13:16:16,430 [Worker-10: Maven 依存関係の更新中] INFO  o.e.m.c.i.l.LifecycleMappingFactory - Using org.eclipse.m2e.jdt.JarLifecycleMapping lifecycle mapping for MavenProject: jp.co.sss.training:spring_training:0.0.1-SNAPSHOT @ C:\spring_quiz\spring_quiz\pom.xml.
2023-12-28 13:16:43,580 [Worker-9: ワークスペースをビルド中] INFO  o.e.m.c.i.embedder.EclipseLogger - Using 'UTF-8' encoding to copy filtered resources.
2023-12-28 13:16:43,586 [Worker-9: ワークスペースをビルド中] INFO  o.e.m.c.i.embedder.EclipseLogger - Copying 1 resource
2023-12-28 13:16:43,635 [Worker-9: ワークスペースをビルド中] INFO  o.e.m.c.i.embedder.EclipseLogger - Copying 33 resources
2023-12-28 13:16:43,750 [Worker-9: ワークスペースをビルド中] INFO  o.e.m.c.i.embedder.EclipseLogger - Using 'UTF-8' encoding to copy filtered resources.
2023-12-28 13:16:43,751 [Worker-9: ワークスペースをビルド中] INFO  o.e.m.c.i.embedder.EclipseLogger - skip non existing resourceDirectory C:\spring_quiz\spring_quiz\src\test\resources
2023-12-28 13:32:46,715 [Worker-20: ワークスペースをビルド中] INFO  o.e.m.c.i.embedder.EclipseLogger - Using 'UTF-8' encoding to copy filtered resources.
2023-12-28 13:32:46,720 [Worker-20: ワークスペースをビルド中] INFO  o.e.m.c.i.embedder.EclipseLogger - Copying 0 resource
2023-12-28 13:32:46,722 [Worker-20: ワークスペースをビルド中] INFO  o.e.m.c.i.embedder.EclipseLogger - Copying 1 resource
2023-12-28 13:32:46,729 [Worker-20: ワークスペースをビルド中] INFO  o.e.m.c.i.embedder.EclipseLogger - Using 'UTF-8' encoding to copy filtered resources.
2023-12-28 13:32:46,729 [Worker-20: ワークスペースをビルド中] INFO  o.e.m.c.i.embedder.EclipseLogger - skip non existing resourceDirectory C:\spring_quiz\spring_quiz\src\test\resources
2023-12-28 13:34:25,592 [Worker-21: ワークスペースをビルド中] INFO  o.e.m.c.i.embedder.EclipseLogger - Using 'UTF-8' encoding to copy filtered resources.
2023-12-28 13:34:25,593 [Worker-21: ワークスペースをビルド中] INFO  o.e.m.c.i.embedder.EclipseLogger - Copying 0 resource
2023-12-28 13:34:25,596 [Worker-21: ワークスペースをビルド中] INFO  o.e.m.c.i.embedder.EclipseLogger - Copying 0 resource
2023-12-28 13:34:25,604 [Worker-21: ワークスペースをビルド中] INFO  o.e.m.c.i.embedder.EclipseLogger - Using 'UTF-8' encoding to copy filtered resources.
2023-12-28 13:34:25,605 [Worker-21: ワークスペースをビルド中] INFO  o.e.m.c.i.embedder.EclipseLogger - skip non existing resourceDirectory C:\spring_quiz\spring_quiz\src\test\resources
2023-12-28 13:34:47,842 [Worker-1: ワークスペースをビルド中] INFO  o.e.m.c.i.embedder.EclipseLogger - Using 'UTF-8' encoding to copy filtered resources.
2023-12-28 13:34:47,854 [Worker-1: ワークスペースをビルド中] INFO  o.e.m.c.i.embedder.EclipseLogger - Copying 1 resource
2023-12-28 13:34:47,862 [Worker-1: ワークスペースをビルド中] INFO  o.e.m.c.i.embedder.EclipseLogger - Copying 28 resources
2023-12-28 13:34:47,871 [Worker-1: ワークスペースをビルド中] INFO  o.e.m.c.i.embedder.EclipseLogger - Using 'UTF-8' encoding to copy filtered resources.
2023-12-28 13:34:47,871 [Worker-1: ワークスペースをビルド中] INFO  o.e.m.c.i.embedder.EclipseLogger - skip non existing resourceDirectory C:\spring_quiz\spring_quiz\src\test\resources
2023-12-28 13:34:53,906 [Worker-21: ワークスペースをビルド中] INFO  o.e.m.c.i.embedder.EclipseLogger - Using 'UTF-8' encoding to copy filtered resources.
2023-12-28 13:34:53,907 [Worker-21: ワークスペースをビルド中] INFO  o.e.m.c.i.embedder.EclipseLogger - Copying 0 resource
2023-12-28 13:34:53,908 [Worker-21: ワークスペースをビルド中] INFO  o.e.m.c.i.embedder.EclipseLogger - Copying 0 resource
2023-12-28 13:34:53,911 [Worker-21: ワークスペースをビルド中] INFO  o.e.m.c.i.embedder.EclipseLogger - Using 'UTF-8' encoding to copy filtered resources.
2023-12-28 13:34:53,911 [Worker-21: ワークスペースをビルド中] INFO  o.e.m.c.i.embedder.EclipseLogger - skip non existing resourceDirectory C:\spring_quiz\spring_quiz\src\test\resources
2023-12-28 13:35:19,191 [Worker-19: ワークスペースをビルド中] INFO  o.e.m.c.i.embedder.EclipseLogger - Using 'UTF-8' encoding to copy filtered resources.
2023-12-28 13:35:19,199 [Worker-19: ワークスペースをビルド中] INFO  o.e.m.c.i.embedder.EclipseLogger - Copying 1 resource
2023-12-28 13:35:19,211 [Worker-19: ワークスペースをビルド中] INFO  o.e.m.c.i.embedder.EclipseLogger - Copying 28 resources
2023-12-28 13:35:19,240 [Worker-19: ワークスペースをビルド中] INFO  o.e.m.c.i.embedder.EclipseLogger - Using 'UTF-8' encoding to copy filtered resources.
2023-12-28 13:35:19,240 [Worker-19: ワークスペースをビルド中] INFO  o.e.m.c.i.embedder.EclipseLogger - skip non existing resourceDirectory C:\spring_quiz\spring_quiz\src\test\resources
2023-12-28 13:35:37,239 [Worker-22: ワークスペースをビルド中] INFO  o.e.m.c.i.embedder.EclipseLogger - Using 'UTF-8' encoding to copy filtered resources.
2023-12-28 13:35:37,239 [Worker-22: ワークスペースをビルド中] INFO  o.e.m.c.i.embedder.EclipseLogger - Copying 1 resource
2023-12-28 13:35:37,241 [Worker-22: ワークスペースをビルド中] INFO  o.e.m.c.i.embedder.EclipseLogger - Copying 0 resource
2023-12-28 13:35:37,245 [Worker-22: ワークスペースをビルド中] INFO  o.e.m.c.i.embedder.EclipseLogger - Using 'UTF-8' encoding to copy filtered resources.
2023-12-28 13:35:37,246 [Worker-22: ワークスペースをビルド中] INFO  o.e.m.c.i.embedder.EclipseLogger - skip non existing resourceDirectory C:\spring_quiz\spring_quiz\src\test\resources
2023-12-28 13:36:15,892 [Worker-20: ワークスペースをビルド中] INFO  o.e.m.c.i.embedder.EclipseLogger - Using 'UTF-8' encoding to copy filtered resources.
2023-12-28 13:36:15,899 [Worker-20: ワークスペースをビルド中] INFO  o.e.m.c.i.embedder.EclipseLogger - Copying 1 resource
2023-12-28 13:36:15,907 [Worker-20: ワークスペースをビルド中] INFO  o.e.m.c.i.embedder.EclipseLogger - Copying 28 resources
2023-12-28 13:36:15,918 [Worker-20: ワークスペースをビルド中] INFO  o.e.m.c.i.embedder.EclipseLogger - Using 'UTF-8' encoding to copy filtered resources.
2023-12-28 13:36:15,918 [Worker-20: ワークスペースをビルド中] INFO  o.e.m.c.i.embedder.EclipseLogger - skip non existing resourceDirectory C:\spring_quiz\spring_quiz\src\test\resources
2023-12-28 13:36:26,939 [Worker-1: ワークスペースをビルド中] INFO  o.e.m.c.i.embedder.EclipseLogger - Using 'UTF-8' encoding to copy filtered resources.
2023-12-28 13:36:26,954 [Worker-1: ワークスペースをビルド中] INFO  o.e.m.c.i.embedder.EclipseLogger - Copying 1 resource
2023-12-28 13:36:26,990 [Worker-1: ワークスペースをビルド中] INFO  o.e.m.c.i.embedder.EclipseLogger - Copying 28 resources
2023-12-28 13:36:27,008 [Worker-1: ワークスペースをビルド中] INFO  o.e.m.c.i.embedder.EclipseLogger - Using 'UTF-8' encoding to copy filtered resources.
2023-12-28 13:36:27,008 [Worker-1: ワークスペースをビルド中] INFO  o.e.m.c.i.embedder.EclipseLogger - skip non existing resourceDirectory C:\spring_quiz\spring_quiz\src\test\resources
2023-12-28 13:36:37,124 [Worker-23: ワークスペースをビルド中] INFO  o.e.m.c.i.embedder.EclipseLogger - Using 'UTF-8' encoding to copy filtered resources.
2023-12-28 13:36:37,130 [Worker-23: ワークスペースをビルド中] INFO  o.e.m.c.i.embedder.EclipseLogger - Copying 1 resource
2023-12-28 13:36:37,138 [Worker-23: ワークスペースをビルド中] INFO  o.e.m.c.i.embedder.EclipseLogger - Copying 28 resources
2023-12-28 13:36:37,146 [Worker-23: ワークスペースをビルド中] INFO  o.e.m.c.i.embedder.EclipseLogger - Using 'UTF-8' encoding to copy filtered resources.
2023-12-28 13:36:37,162 [Worker-23: ワークスペースをビルド中] INFO  o.e.m.c.i.embedder.EclipseLogger - skip non existing resourceDirectory C:\spring_quiz\spring_quiz\src\test\resources
2023-12-28 13:36:51,153 [Worker-19: ワークスペースをビルド中] INFO  o.e.m.c.i.embedder.EclipseLogger - Using 'UTF-8' encoding to copy filtered resources.
2023-12-28 13:36:51,159 [Worker-19: ワークスペースをビルド中] INFO  o.e.m.c.i.embedder.EclipseLogger - Copying 1 resource
2023-12-28 13:36:51,167 [Worker-19: ワークスペースをビルド中] INFO  o.e.m.c.i.embedder.EclipseLogger - Copying 28 resources
2023-12-28 13:36:51,174 [Worker-19: ワークスペースをビルド中] INFO  o.e.m.c.i.embedder.EclipseLogger - Using 'UTF-8' encoding to copy filtered resources.
2023-12-28 13:36:51,174 [Worker-19: ワークスペースをビルド中] INFO  o.e.m.c.i.embedder.EclipseLogger - skip non existing resourceDirectory C:\spring_quiz\spring_quiz\src\test\resources
2023-12-28 13:37:04,056 [Worker-24: ワークスペースをビルド中] INFO  o.e.m.c.i.embedder.EclipseLogger - Using 'UTF-8' encoding to copy filtered resources.
2023-12-28 13:37:04,062 [Worker-24: ワークスペースをビルド中] INFO  o.e.m.c.i.embedder.EclipseLogger - Copying 1 resource
2023-12-28 13:37:04,069 [Worker-24: ワークスペースをビルド中] INFO  o.e.m.c.i.embedder.EclipseLogger - Copying 28 resources
2023-12-28 13:37:04,078 [Worker-24: ワークスペースをビルド中] INFO  o.e.m.c.i.embedder.EclipseLogger - Using 'UTF-8' encoding to copy filtered resources.
2023-12-28 13:37:04,078 [Worker-24: ワークスペースをビルド中] INFO  o.e.m.c.i.embedder.EclipseLogger - skip non existing resourceDirectory C:\spring_quiz\spring_quiz\src\test\resources
2023-12-28 13:37:16,206 [Worker-24: ワークスペースをビルド中] INFO  o.e.m.c.i.embedder.EclipseLogger - Using 'UTF-8' encoding to copy filtered resources.
2023-12-28 13:37:16,213 [Worker-24: ワークスペースをビルド中] INFO  o.e.m.c.i.embedder.EclipseLogger - Copying 1 resource
2023-12-28 13:37:16,221 [Worker-24: ワークスペースをビルド中] INFO  o.e.m.c.i.embedder.EclipseLogger - Copying 28 resources
2023-12-28 13:37:16,236 [Worker-24: ワークスペースをビルド中] INFO  o.e.m.c.i.embedder.EclipseLogger - Using 'UTF-8' encoding to copy filtered resources.
2023-12-28 13:37:16,236 [Worker-24: ワークスペースをビルド中] INFO  o.e.m.c.i.embedder.EclipseLogger - skip non existing resourceDirectory C:\spring_quiz\spring_quiz\src\test\resources
2023-12-28 13:37:26,825 [Worker-24: ワークスペースをビルド中] INFO  o.e.m.c.i.embedder.EclipseLogger - Using 'UTF-8' encoding to copy filtered resources.
2023-12-28 13:37:26,830 [Worker-24: ワークスペースをビルド中] INFO  o.e.m.c.i.embedder.EclipseLogger - Copying 1 resource
2023-12-28 13:37:26,838 [Worker-24: ワークスペースをビルド中] INFO  o.e.m.c.i.embedder.EclipseLogger - Copying 28 resources
2023-12-28 13:37:26,847 [Worker-24: ワークスペースをビルド中] INFO  o.e.m.c.i.embedder.EclipseLogger - Using 'UTF-8' encoding to copy filtered resources.
2023-12-28 13:37:26,847 [Worker-24: ワークスペースをビルド中] INFO  o.e.m.c.i.embedder.EclipseLogger - skip non existing resourceDirectory C:\spring_quiz\spring_quiz\src\test\resources
2023-12-28 13:37:44,221 [Worker-23: Maven プロジェクトの更新中] INFO  o.e.m.c.i.p.ProjectConfigurationManager - Update started
2023-12-28 13:37:45,596 [Worker-23: Maven プロジェクトの更新中] INFO  o.e.m.c.i.l.LifecycleMappingFactory - Using org.eclipse.m2e.jdt.JarLifecycleMapping lifecycle mapping for MavenProject: jp.co.sss.training:spring_training:0.0.1-SNAPSHOT @ C:\spring_quiz\spring_quiz\pom.xml.
2023-12-28 13:37:46,781 [Worker-23: Maven プロジェクトの更新中] WARN  o.e.m.j.i.AbstractJavaProjectConfigurator - Could not determine source level, using default 1.5
2023-12-28 13:37:46,784 [Worker-23: Maven プロジェクトの更新中] WARN  o.e.m.j.i.AbstractJavaProjectConfigurator - Could not determine target level, using default 1.5
2023-12-28 13:37:47,021 [Worker-23: Maven プロジェクトの更新中] INFO  o.e.m.j.i.AbstractJavaProjectConfigurator - Adding source folder /spring_quiz/src/main/java
2023-12-28 13:37:47,022 [Worker-23: Maven プロジェクトの更新中] INFO  o.e.m.j.i.AbstractJavaProjectConfigurator - Adding resource folder /spring_quiz/src/main/resources
2023-12-28 13:37:47,024 [Worker-23: Maven プロジェクトの更新中] INFO  o.e.m.j.i.AbstractJavaProjectConfigurator - Adding resource folder /spring_quiz/src/main/resources
2023-12-28 13:37:47,026 [Worker-23: Maven プロジェクトの更新中] INFO  o.e.m.j.i.AbstractJavaProjectConfigurator - Adding source folder /spring_quiz/src/test/java
2023-12-28 13:37:47,766 [Worker-23: Maven プロジェクトの更新中] INFO  o.e.m.c.i.p.ProjectConfigurationManager - Update completed: 3 sec
2023-12-28 13:37:49,444 [Worker-20: ワークスペースをビルド中] INFO  o.e.m.c.i.embedder.EclipseLogger - Using 'UTF-8' encoding to copy filtered resources.
2023-12-28 13:37:49,445 [Worker-20: ワークスペースをビルド中] INFO  o.e.m.c.i.embedder.EclipseLogger - Copying 1 resource
2023-12-28 13:37:49,485 [Worker-20: ワークスペースをビルド中] INFO  o.e.m.c.i.embedder.EclipseLogger - Copying 28 resources
2023-12-28 13:37:49,612 [Worker-20: ワークスペースをビルド中] INFO  o.e.m.c.i.embedder.EclipseLogger - Using 'UTF-8' encoding to copy filtered resources.
2023-12-28 13:37:49,612 [Worker-20: ワークスペースをビルド中] INFO  o.e.m.c.i.embedder.EclipseLogger - skip non existing resourceDirectory C:\spring_quiz\spring_quiz\src\test\resources
2023-12-28 13:39:30,799 [Worker-0: Loading available Gradle versions] INFO  c.g.t.t.d.PublishedGradleVersions - Gradle version information cache is up-to-date. Trying to read.
2023-12-28 13:46:19,878 [Worker-10: ワークスペースをビルド中] INFO  o.e.m.c.i.embedder.EclipseLogger - Using 'UTF-8' encoding to copy filtered resources.
2023-12-28 13:46:19,885 [Worker-10: ワークスペースをビルド中] INFO  o.e.m.c.i.embedder.EclipseLogger - Copying 1 resource
2023-12-28 13:46:19,930 [Worker-10: ワークスペースをビルド中] INFO  o.e.m.c.i.embedder.EclipseLogger - Copying 29 resources
2023-12-28 13:46:19,950 [Worker-10: ワークスペースをビルド中] INFO  o.e.m.c.i.embedder.EclipseLogger - Using 'UTF-8' encoding to copy filtered resources.
2023-12-28 13:46:19,950 [Worker-10: ワークスペースをビルド中] INFO  o.e.m.c.i.embedder.EclipseLogger - skip non existing resourceDirectory C:\spring_quiz\spring_quiz\src\test\resources
2023-12-28 13:48:41,730 [Worker-12: ワークスペースをビルド中] INFO  o.e.m.c.i.embedder.EclipseLogger - Using 'UTF-8' encoding to copy filtered resources.
2023-12-28 13:48:41,737 [Worker-12: ワークスペースをビルド中] INFO  o.e.m.c.i.embedder.EclipseLogger - Copying 0 resource
2023-12-28 13:48:41,738 [Worker-12: ワークスペースをビルド中] INFO  o.e.m.c.i.embedder.EclipseLogger - Copying 0 resource
2023-12-28 13:48:41,749 [Worker-12: ワークスペースをビルド中] INFO  o.e.m.c.i.embedder.EclipseLogger - Using 'UTF-8' encoding to copy filtered resources.
2023-12-28 13:48:41,749 [Worker-12: ワークスペースをビルド中] INFO  o.e.m.c.i.embedder.EclipseLogger - skip non existing resourceDirectory C:\spring_quiz\spring_quiz\src\test\resources
2023-12-28 13:48:46,761 [Worker-11: ワークスペースをビルド中] INFO  o.e.m.c.i.embedder.EclipseLogger - Using 'UTF-8' encoding to copy filtered resources.
2023-12-28 13:48:46,762 [Worker-11: ワークスペースをビルド中] INFO  o.e.m.c.i.embedder.EclipseLogger - Copying 0 resource
2023-12-28 13:48:46,765 [Worker-11: ワークスペースをビルド中] INFO  o.e.m.c.i.embedder.EclipseLogger - Copying 0 resource
2023-12-28 13:48:46,775 [Worker-11: ワークスペースをビルド中] INFO  o.e.m.c.i.embedder.EclipseLogger - Using 'UTF-8' encoding to copy filtered resources.
2023-12-28 13:48:46,776 [Worker-11: ワークスペースをビルド中] INFO  o.e.m.c.i.embedder.EclipseLogger - skip non existing resourceDirectory C:\spring_quiz\spring_quiz\src\test\resources
